<?xml version="1.0" encoding="UTF-8"?>
<!-- Generated by org.testng.reporters.JUnitReportReporter -->
<testsuite hostname="Manisha_Lappy" failures="0" tests="1" name="com.qa.test.PostAPITest" time="1.794" errors="0" timestamp="11 Jan 2023 20:02:16 GMT">
  <testcase classname="com.qa.test.PostAPITest" name="postAPITest" time="1.794"/>
</testsuite> <!-- com.qa.test.PostAPITest -->
