<?xml version="1.0" encoding="UTF-8"?>
<!-- Generated by org.testng.reporters.JUnitReportReporter -->
<testsuite hostname="Manisha_Lappy" failures="0" tests="1" name="com.qa.test.GetAPITest" time="0.528" errors="0" timestamp="11 Jan 2023 15:21:00 GMT">
  <testcase classname="com.qa.test.GetAPITest" name="getAPITest" time="0.528"/>
</testsuite> <!-- com.qa.test.GetAPITest -->
