<?xml version="1.0" encoding="UTF-8"?>
<!-- Generated by org.testng.reporters.JUnitReportReporter -->
<testsuite hostname="Manisha_Lappy" failures="0" tests="2" name="com.qa.test.GetAPITest" time="1.819" errors="0" timestamp="11 Jan 2023 16:44:03 GMT">
  <testcase classname="com.qa.test.GetAPITest" name="getAPITestWithoutHeaders" time="1.545"/>
  <testcase classname="com.qa.test.GetAPITest" name="getAPITestWithHeaders" time="0.274"/>
</testsuite> <!-- com.qa.test.GetAPITest -->
